# JRE version: Java(TM) SE Runtime Environment 18.9 (11.0.11+9) (build 11.0.11+9-LTS-194)
# Java VM: Java HotSpot(TM) 64-Bit Server VM 18.9 (11.0.11+9-LTS-194, mixed mode, tiered, compressed oops, g1 gc, windows-amd64)
Heap:
 garbage-first heap   total 1859584K, used 1153381K [0x0000000402c00000, 0x0000000800000000)
  region size 4096K, 216 young (884736K), 4 survivors (16384K)
 Metaspace       used 23135K, capacity 23667K, committed 24064K, reserved 1071104K
  class space    used 2168K, capacity 2372K, committed 2560K, reserved 1048576K
GC Heap History (10 events):
Event: 5736.510 GC heap after
{Heap after GC invocations=16183 (full 12):
 garbage-first heap   total 929792K, used 284376K [0x0000000402c00000, 0x0000000800000000)
  region size 4096K, 4 young (16384K), 4 survivors (16384K)
 Metaspace       used 23135K, capacity 23667K, committed 24064K, reserved 1071104K
  class space    used 2168K, capacity 2372K, committed 2560K, reserved 1048576K
}
Event: 5736.588 GC heap before
{Heap before GC invocations=16183 (full 12):
 garbage-first heap   total 929792K, used 784088K [0x0000000402c00000, 0x0000000800000000)
  region size 4096K, 126 young (516096K), 4 survivors (16384K)
 Metaspace       used 23135K, capacity 23667K, committed 24064K, reserved 1071104K
  class space    used 2168K, capacity 2372K, committed 2560K, reserved 1048576K
}
Event: 5736.596 GC heap after
{Heap after GC invocations=16184 (full 12):
 garbage-first heap   total 929792K, used 284641K [0x0000000402c00000, 0x0000000800000000)
  region size 4096K, 4 young (16384K), 4 survivors (16384K)
 Metaspace       used 23135K, capacity 23667K, committed 24064K, reserved 1071104K
  class space    used 2168K, capacity 2372K, committed 2560K, reserved 1048576K
}
Event: 5736.677 GC heap before
{Heap before GC invocations=16184 (full 12):
 garbage-first heap   total 929792K, used 784353K [0x0000000402c00000, 0x0000000800000000)
  region size 4096K, 126 young (516096K), 4 survivors (16384K)
 Metaspace       used 23135K, capacity 23667K, committed 24064K, reserved 1071104K
  class space    used 2168K, capacity 2372K, committed 2560K, reserved 1048576K
}
Event: 5736.687 GC heap after
{Heap after GC invocations=16185 (full 12):
 garbage-first heap   total 929792K, used 284700K [0x0000000402c00000, 0x0000000800000000)
  region size 4096K, 4 young (16384K), 4 survivors (16384K)
 Metaspace       used 23135K, capacity 23667K, committed 24064K, reserved 1071104K
  class space    used 2168K, capacity 2372K, committed 2560K, reserved 1048576K
}
Event: 5736.762 GC heap before
{Heap before GC invocations=16185 (full 12):
 garbage-first heap   total 929792K, used 784412K [0x0000000402c00000, 0x0000000800000000)
  region size 4096K, 126 young (516096K), 4 survivors (16384K)
 Metaspace       used 23135K, capacity 23667K, committed 24064K, reserved 1071104K
  class space    used 2168K, capacity 2372K, committed 2560K, reserved 1048576K
}
Event: 5736.770 GC heap after
{Heap after GC invocations=16186 (full 12):
 garbage-first heap   total 929792K, used 284646K [0x0000000402c00000, 0x0000000800000000)
  region size 4096K, 4 young (16384K), 4 survivors (16384K)
 Metaspace       used 23135K, capacity 23667K, committed 24064K, reserved 1071104K
  class space    used 2168K, capacity 2372K, committed 2560K, reserved 1048576K
}
Event: 5736.847 GC heap before
{Heap before GC invocations=16186 (full 12):
 garbage-first heap   total 929792K, used 784358K [0x0000000402c00000, 0x0000000800000000)
  region size 4096K, 126 young (516096K), 4 survivors (16384K)
 Metaspace       used 23135K, capacity 23667K, committed 24064K, reserved 1071104K
  class space    used 2168K, capacity 2372K, committed 2560K, reserved 1048576K
}
Event: 5736.856 GC heap after
{Heap after GC invocations=16187 (full 12):
 garbage-first heap   total 1859584K, used 285029K [0x0000000402c00000, 0x0000000800000000)
  region size 4096K, 4 young (16384K), 4 survivors (16384K)
 Metaspace       used 23135K, capacity 23667K, committed 24064K, reserved 1071104K
  class space    used 2168K, capacity 2372K, committed 2560K, reserved 1048576K
}
Event: 5737.016 GC heap before
{Heap before GC invocations=16187 (full 12):
 garbage-first heap   total 1859584K, used 1153381K [0x0000000402c00000, 0x0000000800000000)
  region size 4096K, 216 young (884736K), 4 survivors (16384K)
 Metaspace       used 23135K, capacity 23667K, committed 24064K, reserved 1071104K
  class space    used 2168K, capacity 2372K, committed 2560K, reserved 1048576K
}

